#
# A fatal error has been detected by the Java Runtime Environment:
#
#  EXCEPTION_ACCESS_VIOLATION (0xc0000005) at pc=0x000000006fab72f5, pid=3292, tid=15320
#
# JRE version: Java(TM) SE Runtime Environment (8.0_05-b13) (build 1.8.0_05-b13)
# Java VM: Java HotSpot(TM) 64-Bit Server VM (25.5-b02 mixed mode windows-amd64 compressed oops)
# Problematic frame:
# V  [jvm.dll+0x1172f5]
#
# Failed to write core dump. Minidumps are not enabled by default on client versions of Windows
#
# If you would like to submit a bug report, please visit:
#   http://bugreport.sun.com/bugreport/crash.jsp
#

---------------  T H R E A D  ---------------

Current thread (0x0000000019cb7000):  JavaThread "JDWP Transport Listener: dt_socket" daemon [_thread_in_vm, id=15320, stack(0x000000001a220000,0x000000001a320000)]

siginfo: ExceptionCode=0xc0000005, reading address 0xffffffffffffffff

Registers:
RAX=0x000000001a31f201, RBX=0x0000000019cb7000, RCX=0x737365636341726f, RDX=0x0000000000000000
RSP=0x000000001a31f1c0, RBP=0x737365636341726f, RSI=0x000000001a31f2d8, RDI=0x00000000029e8aa0
R8 =0x0000000019cb7000, R9 =0x0000000000008000, R10=0x0000000000000000, R11=0x0000000019d47111
R12=0x0000000000000000, R13=0x0000000019cc18a8, R14=0x0000000000000000, R15=0x0000000000000000
RIP=0x000000006fab72f5, EFLAGS=0x0000000000010206

Top of Stack: (sp=0x000000001a31f1c0)
0x000000001a31f1c0:   0000000019cb7000 0000000019cb7000
0x000000001a31f1d0:   000000001a31f288 000000006fcaa04b
0x000000001a31f1e0:   0000000019cb7000 000000006fcc68ad
0x000000001a31f1f0:   0000000000000000 000000006f979149
0x000000001a31f200:   0000000019c55b58 000000006f982912
0x000000001a31f210:   0000000019cb7000 0000000000000000
0x000000001a31f220:   0000000000000000 0000000000000000
0x000000001a31f230:   737365636341726f 000000006f981a09
0x000000001a31f240:   000000001a31f2d8 000000001a31f2b0
0x000000001a31f250:   0000000000000001 0000000019c55b58
0x000000001a31f260:   737365636341726f 000000006f9653b3
0x000000001a31f270:   000000001a31f3a0 0000000000000001
0x000000001a31f280:   0000000000000001 0000000019c55b58
0x000000001a31f290:   0000000000000001 0000000000000000
0x000000001a31f2a0:   0000000000000000 0000000000000000
0x000000001a31f2b0:   0000000000000001 000000006f965571 

Instructions: (pc=0x000000006fab72f5)
0x000000006fab72d5:   cc cc cc cc cc cc cc cc cc cc cc 48 83 ec 28 48
0x000000006fab72e5:   85 c9 75 07 33 c0 48 83 c4 28 c3 48 89 5c 24 20
0x000000006fab72f5:   48 8b 19 48 85 db 74 20 48 83 fb 37 74 1a 48 8b
0x000000006fab7305:   13 48 8b cb ff 52 08 84 c0 74 0d 48 8b c3 48 8b 


Register to memory mapping:

RAX=0x000000001a31f201 is pointing into the stack for thread: 0x0000000019cb7000
RBX=0x0000000019cb7000 is a thread
RCX=0x737365636341726f is an unknown value
RDX=0x0000000000000000 is an unknown value
RSP=0x000000001a31f1c0 is pointing into the stack for thread: 0x0000000019cb7000
RBP=0x737365636341726f is an unknown value
RSI=0x000000001a31f2d8 is pointing into the stack for thread: 0x0000000019cb7000
RDI=0x00000000029e8aa0 is an unknown value
R8 =0x0000000019cb7000 is a thread
R9 =0x0000000000008000 is an unknown value
R10=0x0000000000000000 is an unknown value
R11=0x0000000019d47111 is an unknown value
R12=0x0000000000000000 is an unknown value
R13=0x0000000019cc18a8 is an unknown value
R14=0x0000000000000000 is an unknown value
R15=0x0000000000000000 is an unknown value


Stack: [0x000000001a220000,0x000000001a320000],  sp=0x000000001a31f1c0,  free space=1020k
Native frames: (J=compiled Java code, j=interpreted, Vv=VM code, C=native code)
V  [jvm.dll+0x1172f5]
V  [jvm.dll+0x3268ad]
C  [jdwp.dll+0x21a09]
C  [jdwp.dll+0x53b3]
C  [jdwp.dll+0x5571]
C  [jdwp.dll+0xf09c]
C  [jdwp.dll+0x1f2c9]
C  [jdwp.dll+0x1f49e]
V  [jvm.dll+0x1a7128]
V  [jvm.dll+0x2232c4]
V  [jvm.dll+0x27baca]
C  [msvcr100.dll+0x21d9f]
C  [msvcr100.dll+0x21e3b]
C  [KERNEL32.DLL+0x13034]
C  [ntdll.dll+0x71431]


---------------  P R O C E S S  ---------------

Java Threads: ( => current thread )
  0x0000000019d64000 JavaThread "Service Thread" daemon [_thread_blocked, id=7432, stack(0x000000001a920000,0x000000001aa20000)]
  0x0000000019ce0000 JavaThread "C1 CompilerThread3" daemon [_thread_blocked, id=11920, stack(0x000000001a820000,0x000000001a920000)]
  0x0000000019cdf000 JavaThread "C2 CompilerThread2" daemon [_thread_blocked, id=10340, stack(0x000000001a720000,0x000000001a820000)]
  0x0000000019cdb800 JavaThread "C2 CompilerThread1" daemon [_thread_blocked, id=8132, stack(0x000000001a620000,0x000000001a720000)]
  0x0000000019cd1800 JavaThread "C2 CompilerThread0" daemon [_thread_blocked, id=10336, stack(0x000000001a520000,0x000000001a620000)]
  0x0000000019cc4800 JavaThread "JDWP Command Reader" daemon [_thread_in_native, id=10040, stack(0x000000001a420000,0x000000001a520000)]
  0x0000000019cc3800 JavaThread "JDWP Event Helper Thread" daemon [_thread_blocked, id=19056, stack(0x000000001a320000,0x000000001a420000)]
=>0x0000000019cb7000 JavaThread "JDWP Transport Listener: dt_socket" daemon [_thread_in_vm, id=15320, stack(0x000000001a220000,0x000000001a320000)]
  0x0000000019c60000 JavaThread "Attach Listener" daemon [_thread_blocked, id=12284, stack(0x000000001a120000,0x000000001a220000)]
  0x0000000019c5f000 JavaThread "Signal Dispatcher" daemon [_thread_blocked, id=14648, stack(0x000000001a020000,0x000000001a120000)]
  0x0000000017c4c000 JavaThread "Finalizer" daemon [_thread_blocked, id=16484, stack(0x0000000019b20000,0x0000000019c20000)]
  0x0000000017c4b000 JavaThread "Reference Handler" daemon [_thread_blocked, id=3608, stack(0x0000000019a20000,0x0000000019b20000)]
  0x0000000002d93800 JavaThread "main" [_thread_in_native, id=13144, stack(0x0000000002890000,0x0000000002990000)]

Other Threads:
  0x0000000017c47800 VMThread [stack: 0x0000000019920000,0x0000000019a20000] [id=17936]
  0x0000000019d70000 WatcherThread [stack: 0x000000001aa20000,0x000000001ab20000] [id=13184]

VM state:not at safepoint (normal execution)

VM Mutex/Monitor currently owned by a thread: None

Heap:
 PSYoungGen      total 8192K, used 1320K [0x00000000d6e00000, 0x00000000d7c00000, 0x0000000100000000)
  eden space 6144K, 7% used [0x00000000d6e00000,0x00000000d6e720e8,0x00000000d7400000)
  from space 2048K, 42% used [0x00000000d7400000,0x00000000d74d8000,0x00000000d7600000)
  to   space 2048K, 0% used [0x00000000d7a00000,0x00000000d7a00000,0x00000000d7c00000)
 ParOldGen       total 125440K, used 2898K [0x0000000084a00000, 0x000000008c480000, 0x00000000d6e00000)
  object space 125440K, 2% used [0x0000000084a00000,0x0000000084cd4b70,0x000000008c480000)
 Metaspace       used 9924K, capacity 10128K, committed 10240K, reserved 1058816K
  class space    used 1187K, capacity 1254K, committed 1280K, reserved 1048576K

Card table byte_map: [0x0000000012250000,0x0000000012630000] byte_map_base: 0x0000000011e2b000

Marking Bits: (ParMarkBitMap*) 0x00000000701513b0
 Begin Bits: [0x00000000130d0000, 0x0000000014fa8000)
 End Bits:   [0x0000000014fa8000, 0x0000000016e80000)

Polling page: 0x0000000000b50000

CodeCache: size=245760Kb used=3567Kb max_used=3571Kb free=242192Kb
 bounds [0x0000000002e90000, 0x0000000003220000, 0x0000000011e90000]
 total_blobs=1462 nmethods=1069 adapters=315
 compilation: enabled

Compilation events (10 events):
Event: 98.981 Thread 0x0000000019cdb800 1066       4       java.util.HashMap::isEmpty (13 bytes)
Event: 98.982 Thread 0x0000000019cdb800 nmethod 1066 0x00000000031efcd0 code [0x00000000031efe00, 0x00000000031efe78]
Event: 101.008 Thread 0x0000000019ce0000 1067       3       java.lang.Short::valueOf (33 bytes)
Event: 101.009 Thread 0x0000000019ce0000 nmethod 1067 0x0000000003205fd0 code [0x0000000003206140, 0x0000000003206470]
Event: 104.357 Thread 0x0000000019ce0000 1068   !   3       java.util.Collections$SynchronizedCollection::add (25 bytes)
Event: 104.358 Thread 0x0000000019ce0000 nmethod 1068 0x000000000320f950 code [0x000000000320fac0, 0x000000000320fec8]
Event: 104.386 Thread 0x0000000019ce0000 1069       1       java.nio.HeapByteBuffer::_put (8 bytes)
Event: 104.387 Thread 0x0000000019ce0000 nmethod 1069 0x0000000003205c90 code [0x0000000003205de0, 0x0000000003205f10]
Event: 105.361 Thread 0x0000000019ce0000 1070       3       sun.nio.ch.WindowsSelectorImpl$FdMap::get (16 bytes)
Event: 105.362 Thread 0x0000000019ce0000 nmethod 1070 0x000000000320ee10 code [0x000000000320efc0, 0x000000000320f628]

GC Heap History (10 events):
Event: 0.511 GC heap before
{Heap before GC invocations=7 (full 0):
 PSYoungGen      total 3072K, used 2930K [0x00000000d6e00000, 0x00000000d7200000, 0x0000000100000000)
  eden space 2048K, 100% used [0x00000000d6e00000,0x00000000d7000000,0x00000000d7000000)
  from space 1024K, 86% used [0x00000000d7100000,0x00000000d71dc908,0x00000000d7200000)
  to   space 1024K, 0% used [0x00000000d7000000,0x00000000d7000000,0x00000000d7100000)
 ParOldGen       total 125440K, used 947K [0x0000000084a00000, 0x000000008c480000, 0x00000000d6e00000)
  object space 125440K, 0% used [0x0000000084a00000,0x0000000084aecf98,0x000000008c480000)
 Metaspace       used 5381K, capacity 5582K, committed 5888K, reserved 1056768K
  class space    used 613K, capacity 676K, committed 768K, reserved 1048576K
Event: 0.512 GC heap after
Heap after GC invocations=7 (full 0):
 PSYoungGen      total 3072K, used 864K [0x00000000d6e00000, 0x00000000d7400000, 0x0000000100000000)
  eden space 2048K, 0% used [0x00000000d6e00000,0x00000000d6e00000,0x00000000d7000000)
  from space 1024K, 84% used [0x00000000d7000000,0x00000000d70d8000,0x00000000d7100000)
  to   space 1024K, 0% used [0x00000000d7300000,0x00000000d7300000,0x00000000d7400000)
 ParOldGen       total 125440K, used 1267K [0x0000000084a00000, 0x000000008c480000, 0x00000000d6e00000)
  object space 125440K, 1% used [0x0000000084a00000,0x0000000084b3cfa8,0x000000008c480000)
 Metaspace       used 5381K, capacity 5582K, committed 5888K, reserved 1056768K
  class space    used 613K, capacity 676K, committed 768K, reserved 1048576K
}
Event: 0.623 GC heap before
{Heap before GC invocations=8 (full 0):
 PSYoungGen      total 3072K, used 2912K [0x00000000d6e00000, 0x00000000d7400000, 0x0000000100000000)
  eden space 2048K, 100% used [0x00000000d6e00000,0x00000000d7000000,0x00000000d7000000)
  from space 1024K, 84% used [0x00000000d7000000,0x00000000d70d8000,0x00000000d7100000)
  to   space 1024K, 0% used [0x00000000d7300000,0x00000000d7300000,0x00000000d7400000)
 ParOldGen       total 125440K, used 1267K [0x0000000084a00000, 0x000000008c480000, 0x00000000d6e00000)
  object space 125440K, 1% used [0x0000000084a00000,0x0000000084b3cfa8,0x000000008c480000)
 Metaspace       used 7316K, capacity 7536K, committed 7680K, reserved 1056768K
  class space    used 867K, capacity 902K, committed 1024K, reserved 1048576K
Event: 0.625 GC heap after
Heap after GC invocations=8 (full 0):
 PSYoungGen      total 4608K, used 1024K [0x00000000d6e00000, 0x00000000d7500000, 0x0000000100000000)
  eden space 3584K, 0% used [0x00000000d6e00000,0x00000000d6e00000,0x00000000d7180000)
  from space 1024K, 100% used [0x00000000d7300000,0x00000000d7400000,0x00000000d7400000)
  to   space 1536K, 0% used [0x00000000d7180000,0x00000000d7180000,0x00000000d7300000)
 ParOldGen       total 125440K, used 1501K [0x0000000084a00000, 0x000000008c480000, 0x00000000d6e00000)
  object space 125440K, 1% used [0x0000000084a00000,0x0000000084b77748,0x000000008c480000)
 Metaspace       used 7316K, capacity 7536K, committed 7680K, reserved 1056768K
  class space    used 867K, capacity 902K, committed 1024K, reserved 1048576K
}
Event: 6.030 GC heap before
{Heap before GC invocations=9 (full 0):
 PSYoungGen      total 4608K, used 4608K [0x00000000d6e00000, 0x00000000d7500000, 0x0000000100000000)
  eden space 3584K, 100% used [0x00000000d6e00000,0x00000000d7180000,0x00000000d7180000)
  from space 1024K, 100% used [0x00000000d7300000,0x00000000d7400000,0x00000000d7400000)
  to   space 1536K, 0% used [0x00000000d7180000,0x00000000d7180000,0x00000000d7300000)
 ParOldGen       total 125440K, used 1501K [0x0000000084a00000, 0x000000008c480000, 0x00000000d6e00000)
  object space 125440K, 1% used [0x0000000084a00000,0x0000000084b77748,0x000000008c480000)
 Metaspace       used 8393K, capacity 8560K, committed 8832K, reserved 1056768K
  class space    used 999K, capacity 1030K, committed 1152K, reserved 1048576K
Event: 6.032 GC heap after
Heap after GC invocations=9 (full 0):
 PSYoungGen      total 5120K, used 1529K [0x00000000d6e00000, 0x00000000d7800000, 0x0000000100000000)
  eden space 3584K, 0% used [0x00000000d6e00000,0x00000000d6e00000,0x00000000d7180000)
  from space 1536K, 99% used [0x00000000d7180000,0x00000000d72fe710,0x00000000d7300000)
  to   space 2048K, 0% used [0x00000000d7600000,0x00000000d7600000,0x00000000d7800000)
 ParOldGen       total 125440K, used 1849K [0x0000000084a00000, 0x000000008c480000, 0x00000000d6e00000)
  object space 125440K, 1% used [0x0000000084a00000,0x0000000084bce610,0x000000008c480000)
 Metaspace       used 8393K, capacity 8560K, committed 8832K, reserved 1056768K
  class space    used 999K, capacity 1030K, committed 1152K, reserved 1048576K
}
Event: 6.113 GC heap before
{Heap before GC invocations=10 (full 0):
 PSYoungGen      total 5120K, used 5112K [0x00000000d6e00000, 0x00000000d7800000, 0x0000000100000000)
  eden space 3584K, 99% used [0x00000000d6e00000,0x00000000d717fb20,0x00000000d7180000)
  from space 1536K, 99% used [0x00000000d7180000,0x00000000d72fe710,0x00000000d7300000)
  to   space 2048K, 0% used [0x00000000d7600000,0x00000000d7600000,0x00000000d7800000)
 ParOldGen       total 125440K, used 1849K [0x0000000084a00000, 0x000000008c480000, 0x00000000d6e00000)
  object space 125440K, 1% used [0x0000000084a00000,0x0000000084bce610,0x000000008c480000)
 Metaspace       used 9034K, capacity 9200K, committed 9344K, reserved 1056768K
  class space    used 1063K, capacity 1094K, committed 1152K, reserved 1048576K
Event: 6.115 GC heap after
Heap after GC invocations=10 (full 0):
 PSYoungGen      total 8192K, used 1205K [0x00000000d6e00000, 0x00000000d7800000, 0x0000000100000000)
  eden space 6144K, 0% used [0x00000000d6e00000,0x00000000d6e00000,0x00000000d7400000)
  from space 2048K, 58% used [0x00000000d7600000,0x00000000d772d490,0x00000000d7800000)
  to   space 2048K, 0% used [0x00000000d7400000,0x00000000d7400000,0x00000000d7600000)
 ParOldGen       total 125440K, used 2622K [0x0000000084a00000, 0x000000008c480000, 0x00000000d6e00000)
  object space 125440K, 2% used [0x0000000084a00000,0x0000000084c8fb78,0x000000008c480000)
 Metaspace       used 9034K, capacity 9200K, committed 9344K, reserved 1056768K
  class space    used 1063K, capacity 1094K, committed 1152K, reserved 1048576K
}
Event: 93.123 GC heap before
{Heap before GC invocations=11 (full 0):
 PSYoungGen      total 8192K, used 7349K [0x00000000d6e00000, 0x00000000d7800000, 0x0000000100000000)
  eden space 6144K, 100% used [0x00000000d6e00000,0x00000000d7400000,0x00000000d7400000)
  from space 2048K, 58% used [0x00000000d7600000,0x00000000d772d490,0x00000000d7800000)
  to   space 2048K, 0% used [0x00000000d7400000,0x00000000d7400000,0x00000000d7600000)
 ParOldGen       total 125440K, used 2622K [0x0000000084a00000, 0x000000008c480000, 0x00000000d6e00000)
  object space 125440K, 2% used [0x0000000084a00000,0x0000000084c8fb78,0x000000008c480000)
 Metaspace       used 9903K, capacity 10128K, committed 10240K, reserved 1058816K
  class space    used 1186K, capacity 1254K, committed 1280K, reserved 1048576K
Event: 93.125 GC heap after
Heap after GC invocations=11 (full 0):
 PSYoungGen      total 8192K, used 864K [0x00000000d6e00000, 0x00000000d7c00000, 0x0000000100000000)
  eden space 6144K, 0% used [0x00000000d6e00000,0x00000000d6e00000,0x00000000d7400000)
  from space 2048K, 42% used [0x00000000d7400000,0x00000000d74d8000,0x00000000d7600000)
  to   space 2048K, 0% used [0x00000000d7a00000,0x00000000d7a00000,0x00000000d7c00000)
 ParOldGen       total 125440K, used 2898K [0x0000000084a00000, 0x000000008c480000, 0x00000000d6e00000)
  object space 125440K, 2% used [0x0000000084a00000,0x0000000084cd4b70,0x000000008c480000)
 Metaspace       used 9903K, capacity 10128K, committed 10240K, reserved 1058816K
  class space    used 1186K, capacity 1254K, committed 1280K, reserved 1048576K
}

Deoptimization events (1 events):
Event: 0.518 Thread 0x0000000002d93800 Uncommon trap: reason=unloaded action=reinterpret pc=0x000000000303201c method=java.lang.CharacterData.of(I)Ljava/lang/CharacterData; @ 96

Internal exceptions (10 events):
Event: 6.557 Thread 0x0000000002d93800 Exception <a 'java/security/PrivilegedActionException'> (0x00000000d71916a0) thrown at [D:\re\workspace\8-2-build-windows-amd64-cygwin\jdk8u5\2488\hotspot\src\share\vm\prims\jvm.cpp, line 1248]
Event: 6.558 Thread 0x0000000002d93800 Exception <a 'java/security/PrivilegedActionException'> (0x00000000d7196480) thrown at [D:\re\workspace\8-2-build-windows-amd64-cygwin\jdk8u5\2488\hotspot\src\share\vm\prims\jvm.cpp, line 1248]
Event: 6.559 Thread 0x0000000002d93800 Exception <a 'java/security/PrivilegedActionException'> (0x00000000d71a3eb8) thrown at [D:\re\workspace\8-2-build-windows-amd64-cygwin\jdk8u5\2488\hotspot\src\share\vm\prims\jvm.cpp, line 1248]
Event: 6.561 Thread 0x0000000002d93800 Exception <a 'java/security/PrivilegedActionException'> (0x00000000d71a9f90) thrown at [D:\re\workspace\8-2-build-windows-amd64-cygwin\jdk8u5\2488\hotspot\src\share\vm\prims\jvm.cpp, line 1248]
Event: 6.596 Thread 0x0000000002d93800 Exception <a 'java/security/PrivilegedActionException'> (0x00000000d71ae7d0) thrown at [D:\re\workspace\8-2-build-windows-amd64-cygwin\jdk8u5\2488\hotspot\src\share\vm\prims\jvm.cpp, line 1248]
Event: 6.596 Thread 0x0000000002d93800 Exception <a 'java/security/PrivilegedActionException'> (0x00000000d71b5378) thrown at [D:\re\workspace\8-2-build-windows-amd64-cygwin\jdk8u5\2488\hotspot\src\share\vm\prims\jvm.cpp, line 1248]
Event: 6.597 Thread 0x0000000002d93800 Exception <a 'java/security/PrivilegedActionException'> (0x00000000d71b9188) thrown at [D:\re\workspace\8-2-build-windows-amd64-cygwin\jdk8u5\2488\hotspot\src\share\vm\prims\jvm.cpp, line 1248]
Event: 6.598 Thread 0x0000000002d93800 Exception <a 'java/security/PrivilegedActionException'> (0x00000000d71bf0c8) thrown at [D:\re\workspace\8-2-build-windows-amd64-cygwin\jdk8u5\2488\hotspot\src\share\vm\prims\jvm.cpp, line 1248]
Event: 6.878 Thread 0x0000000002d93800 Exception <a 'java/security/PrivilegedActionException'> (0x00000000d71c8b88) thrown at [D:\re\workspace\8-2-build-windows-amd64-cygwin\jdk8u5\2488\hotspot\src\share\vm\prims\jvm.cpp, line 1248]
Event: 6.878 Thread 0x0000000002d93800 Exception <a 'java/security/PrivilegedActionException'> (0x00000000d71ccc18) thrown at [D:\re\workspace\8-2-build-windows-amd64-cygwin\jdk8u5\2488\hotspot\src\share\vm\prims\jvm.cpp, line 1248]

Events (10 events):
Event: 103.140 Thread 0x0000000002d93800 DEOPT PACKING pc=0x00000000031e4ad4 sp=0x000000000298ec80
Event: 103.140 Thread 0x0000000002d93800 DEOPT UNPACKING pc=0x0000000002ed7604 sp=0x000000000298ea90 mode 1
Event: 104.420 Thread 0x0000000002d93800 DEOPT PACKING pc=0x00000000031e4ad4 sp=0x000000000298ec80
Event: 104.420 Thread 0x0000000002d93800 DEOPT UNPACKING pc=0x0000000002ed7604 sp=0x000000000298ea90 mode 1
Event: 105.400 Thread 0x0000000002d93800 DEOPT PACKING pc=0x00000000031e4ad4 sp=0x000000000298ec80
Event: 105.400 Thread 0x0000000002d93800 DEOPT UNPACKING pc=0x0000000002ed7604 sp=0x000000000298ea90 mode 1
Event: 106.693 Thread 0x0000000002d93800 DEOPT PACKING pc=0x00000000031e4ad4 sp=0x000000000298ec80
Event: 106.693 Thread 0x0000000002d93800 DEOPT UNPACKING pc=0x0000000002ed7604 sp=0x000000000298ea90 mode 1
Event: 107.501 Executing VM operation: RedefineClasses
Event: 107.510 Executing VM operation: RedefineClasses done


Dynamic libraries:
0x00007ff7ca490000 - 0x00007ff7ca4c4000 	C:\Program Files\Java\jre8\bin\javaw.exe
0x00007fffecb50000 - 0x00007fffecd31000 	C:\WINDOWS\SYSTEM32\ntdll.dll
0x00007fffea4e0000 - 0x00007fffea592000 	C:\WINDOWS\System32\KERNEL32.DLL
0x00007fffe8f80000 - 0x00007fffe91f3000 	C:\WINDOWS\System32\KERNELBASE.dll
0x00007fffea6f0000 - 0x00007fffea791000 	C:\WINDOWS\System32\ADVAPI32.dll
0x00007fffe9fe0000 - 0x00007fffea07e000 	C:\WINDOWS\System32\msvcrt.dll
0x00007fffea810000 - 0x00007fffea86b000 	C:\WINDOWS\System32\sechost.dll
0x00007fffeb310000 - 0x00007fffeb434000 	C:\WINDOWS\System32\RPCRT4.dll
0x00007fffeb4a0000 - 0x00007fffeb630000 	C:\WINDOWS\System32\USER32.dll
0x00007fffe9d80000 - 0x00007fffe9da0000 	C:\WINDOWS\System32\win32u.dll
0x00007fffeaf10000 - 0x00007fffeaf38000 	C:\WINDOWS\System32\GDI32.dll
0x00007fffe9e40000 - 0x00007fffe9fd2000 	C:\WINDOWS\System32\gdi32full.dll
0x00007fffe9da0000 - 0x00007fffe9e3f000 	C:\WINDOWS\System32\msvcp_win.dll
0x00007fffe92b0000 - 0x00007fffe93aa000 	C:\WINDOWS\System32\ucrtbase.dll
0x00007fffdf100000 - 0x00007fffdf369000 	C:\WINDOWS\WinSxS\amd64_microsoft.windows.common-controls_6595b64144ccf1df_6.0.17134.165_none_fb429645306569ac\COMCTL32.dll
0x00007fffeaf40000 - 0x00007fffeb263000 	C:\WINDOWS\System32\combase.dll
0x00007fffe9d00000 - 0x00007fffe9d7a000 	C:\WINDOWS\System32\bcryptPrimitives.dll
0x00007fffeb2e0000 - 0x00007fffeb30d000 	C:\WINDOWS\System32\IMM32.DLL
0x00000000701d0000 - 0x00000000702a2000 	C:\Program Files\Java\jre8\bin\msvcr100.dll
0x000000006f9a0000 - 0x00000000701ca000 	C:\Program Files\Java\jre8\bin\server\jvm.dll
0x00007fffeb2d0000 - 0x00007fffeb2d8000 	C:\WINDOWS\System32\PSAPI.DLL
0x00007fffe4820000 - 0x00007fffe4829000 	C:\WINDOWS\SYSTEM32\WSOCK32.dll
0x00007fffe48a0000 - 0x00007fffe48c3000 	C:\WINDOWS\SYSTEM32\WINMM.dll
0x00007fffea9f0000 - 0x00007fffeaa5c000 	C:\WINDOWS\System32\WS2_32.dll
0x00007fffe46c0000 - 0x00007fffe46ea000 	C:\WINDOWS\SYSTEM32\winmmbase.dll
0x00007fffe93b0000 - 0x00007fffe93f9000 	C:\WINDOWS\System32\cfgmgr32.dll
0x0000000070a70000 - 0x0000000070a7f000 	C:\Program Files\Java\jre8\bin\verify.dll
0x0000000070a40000 - 0x0000000070a68000 	C:\Program Files\Java\jre8\bin\java.dll
0x000000006f960000 - 0x000000006f995000 	C:\Program Files\Java\jre8\bin\jdwp.dll
0x00000000709d0000 - 0x00000000709d8000 	C:\Program Files\Java\jre8\bin\npt.dll
0x0000000070a20000 - 0x0000000070a36000 	C:\Program Files\Java\jre8\bin\zip.dll
0x00007fffeb630000 - 0x00007fffeca70000 	C:\WINDOWS\System32\SHELL32.dll
0x00007fffeca70000 - 0x00007fffecb19000 	C:\WINDOWS\System32\shcore.dll
0x00007fffe95f0000 - 0x00007fffe9cfd000 	C:\WINDOWS\System32\windows.storage.dll
0x00007fffeb270000 - 0x00007fffeb2c1000 	C:\WINDOWS\System32\shlwapi.dll
0x00007fffe8eb0000 - 0x00007fffe8ec1000 	C:\WINDOWS\System32\kernel.appcore.dll
0x00007fffe8e90000 - 0x00007fffe8eaf000 	C:\WINDOWS\System32\profapi.dll
0x00007fffe8ed0000 - 0x00007fffe8f1c000 	C:\WINDOWS\System32\powrprof.dll
0x00007fffe8e60000 - 0x00007fffe8e6a000 	C:\WINDOWS\System32\FLTLIB.DLL
0x00000000708c0000 - 0x00000000708c9000 	C:\Program Files\Java\jre8\bin\dt_socket.dll
0x00007fffceb20000 - 0x00007fffceb36000 	C:\WINDOWS\system32\napinsp.dll
0x00007fffce9d0000 - 0x00007fffce9ea000 	C:\WINDOWS\system32\pnrpnsp.dll
0x00007fffe63b0000 - 0x00007fffe63c9000 	C:\WINDOWS\system32\NLAapi.dll
0x00007fffe86e0000 - 0x00007fffe8746000 	C:\WINDOWS\System32\mswsock.dll
0x00007fffe84a0000 - 0x00007fffe855e000 	C:\WINDOWS\SYSTEM32\DNSAPI.dll
0x00007fffea080000 - 0x00007fffea088000 	C:\WINDOWS\System32\NSI.dll
0x00007fffe8460000 - 0x00007fffe8498000 	C:\WINDOWS\SYSTEM32\IPHLPAPI.DLL
0x00007fffdb7f0000 - 0x00007fffdb7fe000 	C:\WINDOWS\System32\winrnr.dll
0x00007fffe2b10000 - 0x00007fffe2b82000 	C:\WINDOWS\System32\fwpuclnt.dll
0x00007fffe89c0000 - 0x00007fffe89e5000 	C:\WINDOWS\SYSTEM32\bcrypt.dll
0x00007fffe2050000 - 0x00007fffe205a000 	C:\Windows\System32\rasadhlp.dll
0x00000000708b0000 - 0x00000000708bd000 	C:\Program Files\Java\jre8\bin\management.dll
0x0000000070a00000 - 0x0000000070a1a000 	C:\Program Files\Java\jre8\bin\net.dll
0x00000000709e0000 - 0x00000000709f1000 	C:\Program Files\Java\jre8\bin\nio.dll
0x00007fffe8890000 - 0x00007fffe88a7000 	C:\WINDOWS\SYSTEM32\CRYPTSP.dll
0x00007fffe82c0000 - 0x00007fffe82f3000 	C:\WINDOWS\system32\rsaenh.dll
0x00007fffe8d60000 - 0x00007fffe8d88000 	C:\WINDOWS\SYSTEM32\USERENV.dll
0x00007fffe88b0000 - 0x00007fffe88bb000 	C:\WINDOWS\SYSTEM32\CRYPTBASE.dll
0x00007fffe3a40000 - 0x00007fffe3a56000 	C:\WINDOWS\SYSTEM32\dhcpcsvc6.DLL
0x00007fffe14e0000 - 0x00007fffe14fa000 	C:\WINDOWS\SYSTEM32\dhcpcsvc.DLL
0x00007fffd3ee0000 - 0x00007fffd40a9000 	C:\WINDOWS\SYSTEM32\dbghelp.dll

VM Arguments:
jvm_args: -agentlib:jdwp=transport=dt_socket,suspend=y,address=localhost:56102 -Dfile.encoding=UTF-8 
java_command: com.dong.ProcessingOutput.App
java_class_path (initial): E:\java-ee\OutputConsumer\target\classes;C:\Users\Administrator\.m2\repository\org\apache\kafka\kafka-streams\1.1.0\kafka-streams-1.1.0.jar;C:\Users\Administrator\.m2\repository\org\apache\kafka\connect-json\1.1.0\connect-json-1.1.0.jar;C:\Users\Administrator\.m2\repository\org\apache\kafka\connect-api\1.1.0\connect-api-1.1.0.jar;C:\Users\Administrator\.m2\repository\org\slf4j\slf4j-api\1.7.25\slf4j-api-1.7.25.jar;C:\Users\Administrator\.m2\repository\org\rocksdb\rocksdbjni\5.7.3\rocksdbjni-5.7.3.jar;C:\Users\Administrator\.m2\repository\org\slf4j\slf4j-jdk14\1.7.25\slf4j-jdk14-1.7.25.jar;C:\Users\Administrator\.m2\repository\com\googlecode\json-simple\json-simple\1.1.1\json-simple-1.1.1.jar;C:\Users\Administrator\.m2\repository\junit\junit\4.10\junit-4.10.jar;C:\Users\Administrator\.m2\repository\org\hamcrest\hamcrest-core\1.1\hamcrest-core-1.1.jar;C:\Users\Administrator\.m2\repository\org\json\json\20090211\json-20090211.jar;C:\Users\Administrator\.m2\repository\org\apache\kafka\kafka-clients\1.1.0\kafka-clients-1.1.0.jar;C:\Users\Administrator\.m2\repository\org\lz4\lz4-java\1.4\lz4-java-1.4.jar;C:\Users\Administrator\.m2\repository\org\xerial\snappy\snappy-java\1.1.7.1\snappy-java-1.1.7.1.jar;D:\kafka\dataFormats\target\classes;C:\Users\Administrator\.m2\repository\com\fasterxml\jackson\datatype\jackson-datatype-jsr310\2.9.6\jackson-datatype-jsr310-2.9.6.jar;C:\Users\Administrator\.m2\repository\com\fasterxml\jackson\core\jackson-annotations\2.9.0\jackson-annotations-2.9.0.jar;C:\Users\Administrator\.m2\repository\com\fasterxml\jackson\core\jackson-core\2.9.6\jackson-core-2.9.6.jar;C:\Users\Administrator\.m2\repository\com\fasterxml\jackson\core\jackson-databind\2.9.6\jackson-databind-2.9.6.jar;C:\Users\Administrator\.m2\repository\org\apache\kafka\kafka_2.12\1.1.0\kafka_2.12-1.1.0.jar;C:\Users\Administrator\.m2\repository\net\sf\jopt-simple\jopt-simple\5.0.4\jopt-simple-5.0.4.jar;C:\Users\Administrator\.m2\repository\com\yammer\metr
Launcher Type: SUN_STANDARD

Environment Variables:
JAVA_HOME=C:\Program Files\Java\jdk1.8.0_05
CLASSPATH=.;C:\Program Files\Java\jdk1.8.0_05\lib\dt.jar;C:\Program Files\Java\jdk1.8.0_05\lib\tools.jar;C:\Program Files (x86)\QuickTime\QTSystem\QTJava.zip
PATH=C:\Program Files (x86)\Common Files\Intel\Shared Files\cpp\bin\Intel64;C:\WINDOWS\system32;C:\WINDOWS;C:\WINDOWS\System32\Wbem;C:\WINDOWS\System32\WindowsPowerShell\v1.0\;C:\Users\Administrator\Desktop\wechat_jump_game-master\adb;C:\Program Files (x86)\QuickTime\QTSystem\;C:\Program Files (x86)\CineForm\Tools;D:\Program Files (x86)\GoPro\GoPro Studio\GoPro\Tools;C:\WINDOWS\System32\OpenSSH\;D:\confluent\confluent-oss-4.1.0-2.11\confluent-4.1.0\bin;C:\Users\Administrator\AppData\Local\Microsoft\WindowsApps;C:\Program Files\Java\jdk1.8.0_05\bin;D:\Python27;D:\Python27\Scripts;C:\Program Files\pcraster-4.1.0_x86-64\bin;C:\Users\Administrator\AppData\Local\GitHubDesktop\bin;C:\Users\Administrator\AppData\Local\atom\bin;C:\Users\Administrator\AppData\Local\Microsoft\WindowsApps;D:\Program Files\R\R-3.4.2\bin;C:\Program Files\Java\apache-maven-3.5.3-bin\apache-maven-3.5.3\bin;D:\confluent\confluent-oss-4.1.0-2.11\confluent-4.1.0\bin;
USERNAME=Administrator
OS=Windows_NT
PROCESSOR_IDENTIFIER=Intel64 Family 6 Model 60 Stepping 3, GenuineIntel



---------------  S Y S T E M  ---------------

OS: Windows 8.1 , 64 bit Build 9600 

CPU:total 8 (4 cores per cpu, 2 threads per core) family 6 model 60 stepping 3, cmov, cx8, fxsr, mmx, sse, sse2, sse3, ssse3, sse4.1, sse4.2, popcnt, avx, avx2, aes, clmul, erms, ht, tsc, tscinvbit

Memory: 4k page, physical 8082344k(2977396k free), swap 10441640k(3670828k free)

vm_info: Java HotSpot(TM) 64-Bit Server VM (25.5-b02) for windows-amd64 JRE (1.8.0_05-b13), built on Mar 18 2014 01:08:39 by "java_re" with MS VC++ 10.0 (VS2010)

time: Fri Jul 13 21:58:27 2018
elapsed time: 107 seconds

